1584727706511	mozrunner::runner	INFO	Running command: "C:\\Program Files\\Mozilla Firefox\\firefox.exe" "-marionette" "-foreground" "-no-remote" "-profile" "C:\\Users\\jdsjh\\AppData\\Local\\Temp\\rust_mozprofileE8x8eP"
1584727708534	addons.webextension.screenshots@mozilla.org	WARN	Loading extension 'screenshots@mozilla.org': Reading manifest: Invalid extension permission: mozillaAddons
1584727708534	addons.webextension.screenshots@mozilla.org	WARN	Loading extension 'screenshots@mozilla.org': Reading manifest: Invalid extension permission: telemetry
1584727708534	addons.webextension.screenshots@mozilla.org	WARN	Loading extension 'screenshots@mozilla.org': Reading manifest: Invalid extension permission: resource://pdf.js/
1584727708535	addons.webextension.screenshots@mozilla.org	WARN	Loading extension 'screenshots@mozilla.org': Reading manifest: Invalid extension permission: about:reader*
JavaScript error: resource://gre/modules/XULStore.jsm, line 66: Error: Can't find profile directory.
1584727711829	Marionette	INFO	Listening on port 60922
1584727712252	Marionette	WARN	TLS certificate errors will be ignored for this session
[Parent 9604, Gecko_IOThread] WARNING: pipe error: 109: file z:/task_1575282935/build/src/ipc/chromium/src/chrome/common/ipc_channel_win.cc, line 341
[Child 14552, Chrome_ChildThread] WARNING: pipe error: 109: file z:/task_1575282935/build/src/ipc/chromium/src/chrome/common/ipc_channel_win.cc, line 341
[Child 14552, Chrome_C1584727816548	mozrunner::runner	INFO	Running command: "C:\\Program Files\\Mozilla Firefox\\firefox.exe" "-marionette" "-foreground" "-no-remote" "-profile" "C:\\Users\\jdsjh\\AppData\\Local\\Temp\\rust_mozprofileyL9SNE"
1584727817493	addons.webextension.screenshots@mozilla.org	WARN	Loading extension 'screenshots@mozilla.org': Reading manifest: Invalid extension permission: mozillaAddons
1584727817493	addons.webextension.screenshots@mozilla.org	WARN	Loading extension 'screenshots@mozilla.org': Reading manifest: Invalid extension permission: telemetry
1584727817493	addons.webextension.screenshots@mozilla.org	WARN	Loading extension 'screenshots@mozilla.org': Reading manifest: Invalid extension permission: resource://pdf.js/
1584727817493	addons.webextension.screenshots@mozilla.org	WARN	Loading extension 'screenshots@mozilla.org': Reading manifest: Invalid extension permission: about:reader*
JavaScript error: resource://gre/modules/XULStore.jsm, line 66: Error: Can't find profile directory.
1584727820061	Marionette	INFO	Listening on port 61266
1584727820307	Marionette	WARN	TLS certificate errors will be ignored for this session
[Parent 3732, Gecko_IOThread] WARNING: pipe error: 109: file z:/task_1575282935/build/src/ipc/chromium/src/chrome/common/ipc_channel_win.cc, line 341
[Child 11272, Chrome_ChildThread] WARNING: pipe error: 232: file z:/task_1575282935/build/src/ipc/chromium/src/chrome/common/ipc_channel_win.cc, line 502
[Child 11272, Chrome_ChildThread] WARNING: pipe error: 109: file z:/task_1575282935/build/src/ipc/chromium/src/chrome/common/ipc_channel_win.cc, line 341
[Parent 3732, Gecko_IOThread] WARNING: pipe error: 109: file z:/task_1575282935/build/src/ipc/chromium/src/chrome/common/ipc_channel_win.cc, line 341
[Child 4884, Chrome_ChildThread] WARNING: pipe error: 109: file z:/task_1575282935/build/src/ipc/chromium/src/chrome/common/ipc_channel_win.cc, line 341
[Chi1584727836105	Marionette	INFO	Stopped listening on port 61266
[GPU 7360, Chrom
###!!! [Child][MessageChannel::SendAndWait] Error: Channel error: cannot send/recv

1632031473420	mozrunner::runner	INFO	Running command: "C:\\Program Files\\Mozilla Firefox\\firefox.exe" "-marionette" "-foreground" "-no-remote" "-profile" "C:\\Users\\PROGRA~1\\AppData\\Local\\Temp\\rust_mozprofileQIoYJP"
1632031476464	Marionette	INFO	Marionette enabled
JavaScript error: resource://gre/modules/XULStore.jsm, line 66: Error: Can't find profile directory.
console.warn: SearchSettings: "get: No settings file exists, new profile?" (new NotFoundError("Could not open the file at C:\\Users\\Programador Heitor\\AppData\\Local\\Temp\\rust_mozprofileQIoYJP\\search.json.mozlz4", (void 0)))
1632031483181	Marionette	INFO	Listening on port 60073
1632031483644	RemoteAgent	WARN	TLS certificate errors will be ignored for this session
console.log: WebExtensions: reset-default-search: starting.
console.log: WebExtensions: reset-default-search: No addons in our list are installed.
1632033611560	Marionette	INFO	Stopped listening on port 60073
JavaScript error: resource:///modules/Interactions.jsm, line 230: NS_ERROR_FAILURE: Component returned failure code: 0x80004005 (NS_ERROR_FAILURE) [nsIUserIdleService.removeIdleObserver]

###!!! [Child][MessageChannel] Error: (msgtype=0x690023,name=PNecko::Msg_RemoveRequestContext) Channel closing: too late to send/recv, messages will be lost


###!!! [Child][RunMessage] Error: Channel closing: too late to send/recv, messages will be lost


###!!! [Child][MessageChannel] Error: (msgtype=0x390142,name=PContent::Msg_ScriptError) Channel closing: too late to send/recv, messages will be lost


###!!! [Child][MessageChannel] Error: (msgtype=0xA80006,name=PWebSocket::Msg_D1632033612956	Marionette	INFO	Stopped listening on port 56978
JavaScript error: resource:///modules/Interactions.jsm, line 230: NS_ERROR_FAILURE: Component returned failure code: 0x80004005 (NS_ERROR_FAILURE) [nsIUserIdleService.removeIdleObserver]

###!!! [Child][RunMessage] Error: Channel closing: too late to send/recv, messages will be lost

Users\\Programador Heitor\\AppData\\Local\\Temp\\rust_mozprofiletrWyhP\\search.json.mozlz4", (void 0)))
1632031981413	Marionette	INFO	Listening on port 51201
1632031981605	RemoteAgent	WARN	TLS certificate errors will be ignored for this session
console.log: WebExtensions: reset-default-search: starting.
console.log: WebExtensions: reset-default-search: No addons in our list are installed.
JavaScript error: resource://activity-stream/lib/PersonalityProvider/PersonalityProvider.jsm, line 73: TypeError: http://%(server)s/dummy/blocklist// is not a valid URL.
re.jsm, line 66: Error: Can't find profile directory.
console.warn: SearchSettings: "get: No settings file exists, new profile?" (new NotFoundError("Could not open the file at C:\\Users\\Programador Heitor\\AppData\\Local\\Temp\\rust_mozprofilewdjU3A\\search.json.mozlz4", (void 0)))
1632032199491	Marionette	INFO	Listening on port 52608
1632032200038	RemoteAgent	WARN	TLS certificate errors will be ignored for this session
console.log: WebExtensions: reset-default-search: starting.
console.log: WebExtensions: reset-default-search: No addons in our list are installed.
JavaScript error: resource://activity-stream/lib/PersonalityProvider/PersonalityProvider.jsm, line 73: TypeError: http://%(server)s/dummy/blocklist// is not a valid URL.
JavaScript error: resource://activity-stream/lib/PersonalityProvider/PersonalityProvider.jsm, line 73: TypeError: http://%(server)s/dummy/blocklist// is not a valid URL.
le at C:\\Users\\Programador Heitor\\AppData\\Local\\Temp\\rust_mozprofileMUow0K\\search.json.mozlz4", (void 0)))
1632032575313	Marionette	INFO	Listening on port 60646
1632032575936	RemoteAgent	WARN	TLS certificate errors will be ignored for this session
console.error: Region.jsm: "Error fetching region" (new Error("TIMEOUT", "resource://gre/modules/Region.jsm", 772))
console.error: Region.jsm: "Failed to fetch region" (new Error("TIMEOUT", "resource://gre/modules/Region.jsm", 419))
1632032747614	Marionette	INFO	Stopped listening on port 60646
JavaScript error: resource:///modules/Interactions.jsm, line 230: NS_ERROR_FAILURE: Component returned failure code: 0x80004005 (NS_ERROR_FAILURE) [nsIUserIdleService.removeIdleObserver]
O	Marionette enabled
JavaScript error: resource://gre/modules/XULStore.jsm, line 66: Error: Can't find profile directory.
console.warn: SearchSettings: "get: No settings file exists, new profile?" (new NotFoundError("Could not open the file at C:\\Users\\Programador Heitor\\AppData\\Local\\Temp\\rust_mozprofilecTirdN\\search.json.mozlz4", (void 0)))
1632032658174	Marionette	INFO	Listening on port 52367
1632032658703	RemoteAgent	WARN	TLS certificate errors will be ignored for this session
JavaScript error: https://www.instagram.com/static/bundles/es6/ConsumerLibCommons.js/ae303a7276ff.js, line 220: NS_ERROR_NOT_INITIALIZED: 
JavaScript error: https://www.instagram.com/static/bundles/es6/ConsumerLibCommons.js/ae303a7276ff.js, line 220: NS_ERROR_NOT_INITIALIZED: 
JavaScript error: https://www.instagram.com/static/bundles/es6/ConsumerLibCommons.js/ae303a7276ff.js, line 220: NS_ERROR_NOT_INITIALIZED: 
console.log: WebExtensions: reset-default-search: starting.
console.log: WebExtensions: reset-default-search: No addons in our list are installed.
JavaScript error: , line 0: NS_ERROR_NOT_AVAILABLE
JavaScript error: resource://activity-stream/lib/PersonalityProvider/PersonalityProvider.jsm, line 73: TypeError: http://%(server)s/dummy/blocklist// is not a valid URL.
JavaScript error: resource://activity-stream/lib/PersonalityProvider/PersonalityProvider.jsm, line 73: TypeError: http://%(server)s/dummy/blocklist// is not a valid URL.
\Temp\\rust_mozprofileGlvIkm\\search.json.mozlz4", (void 0)))
1632032741231	Marionette	INFO	Listening on port 62403
1632032741599	RemoteAgent	WARN	TLS certificate errors will be ignored for this session
1632032748629	Marionette	INFO	Stopped listening on port 62403
JavaScript error: resource:///modules/Interactions.jsm, line 230: NS_ERROR_FAILURE: Component returned failure code: 0x80004005 (NS_ERROR_FAILURE) [nsIUserIdleService.removeIdleObserver]

###!!! [Child][RunMessage] Error: Channel closing: too late to send/recv, messages will be lost


###!!! [Child][RunMessage] Error: Channel closing: too late to send/recv, messages will be lost


###!!! [Child][RunMessage] Error: Channel closing: too late to send/recv, messages will be lost


###!!! [Child][MessageChannel] Error: (msgtype=0x590008,name=PHttpChannel::Msg_DeletingChannel) Channel closing: too late to send/recv, messages will be lost


###!!! [Child][MessageChannel] Error: (msgtype=0x590007,name=PHttpChannel::Msg_RemoveCorsPreflightCacheEntry) Channel closing: too late to send/recv, messages will be lost


###!!! [Child][MessageChannel] Error: (msgtype=0x590008,name=PHttpChannel::Msg_DeletingChannel) Channel closing: too late to send/recv, messages will be lost


###!!! [Child][MessageChannel] Error: (msgtype=0x590008,name=PHttpChannel::Msg_DeletingChannel) Channel closing: too late to send/recv, messages will be lost


###!!! [Child][MessageChannel] Error: (msgtype=0x590008,name=PHttpChannel::Msg_DeletingChannel) Channel closing: too late to send/recv, messages will be lost


###!!! [Child][MessageChannel] Error: (msgtype=0x590008,name=PHttpChannel::Msg_DeletingChannel) Channel closing: too late to send/recv, messages will be lost


###!!! [Child][MessageChannel] Error: (msgtype=0x590008,name=PHttpChannel::Msg_DeletingChannel) Channel closing: too late to send/recv, messages will be lost


###!!! [Child][MessageChannel] Error: (msgtype=0x590008,name=PHttpChannel::Msg_DeletingChannel) Channel closing: too late to send/recv, messages will be lost


###!!! [Child][MessageChannel] Error: (msgtype=0x590008,name=PHttpChannel::Msg_DeletingChannel) Channel closing: too late to send/recv, messages will be lost


###!!! [Child][MessageChannel] Error: (msgtype=0x590004,name=PHttpChannel::Msg_Cancel) Channel closing: too late to send/recv, messages will be lost


###!!! [Child][MessageChannel] Error: (msgtype=0x590008,name=PHttpChannel::Msg_DeletingChannel) Channel closing: too late to send/recv, messages will be lost


###!!! [Child][MessageChannel] Error: (msgtype=0x590004,name=PHttpChannel::Msg_Cancel) Channel closing: too late to send/recv, messages will be lost


###!!! [Child][MessageChannel] Error: (msgtype=0x590008,name=PHttpChannel::Msg_DeletingChannel) Channel closing: too late to send/recv, messages will be lost


###!!! [Child][MessageChannel] Error: (msgtype=0x590004,name=PHttpChannel::Msg_Cancel) Channel closing: too late to send/recv, messages will be lost


###!!! [Child][MessageChannel] Error: (msgtype=0x590008,name=PHttpChannel::Msg_DeletingChannel) Channel closing: too late to send/recv, messages will be lost


###!!! [Child][MessageChannel] Error: (msgtype=0x590004,name=PHttpChannel::Msg_Cancel) Channel closing: too late to send/recv, messages will be lost


###!!! [Child][MessageChannel] Error: (msgtype=0x590008,name=PHttpChannel::Msg_DeletingChannel) Channel closing: too late to send/recv, messages will be lost


###!!! [Child][MessageChannel] Error: (msgtype=0x590004,name=PHttpChannel::Msg_Cancel) Channel closing: too late to send/recv, messages will be lost


###!!! [Child][MessageChannel] Error: (msgtype=0x590008,name=PHttpChannel::Msg_DeletingChannel) Channel closing: too late to send/recv, messages will be lost

1632032799052	mozrunner::runner	INFO	Running command: "C:\\Program Files\\Mozilla Firefox\\firefox.exe" "-marionette" "-foreground" "-no-remote" "-profile" "C:\\Users\\PROGRA~1\\AppData\\Local\\Temp\\rust_mozprofileK04fLf"
1632032800554	Marionette	INFO	Marionette enabled
JavaScript error: resource://gre/modules/XULStore.jsm, line 66: Error: Can't find profile directory.
console.warn: SearchSettings: "get: No settings file exists, new profile?" (new NotFoundError("Could not open the file at C:\\Users\\Programador Heitor\\AppData\\Local\\Temp\\rust_mozprofileK04fLf\\search.json.mozlz4", (void 0)))

###!!! [Child][MessageChannel] Error: (msgtype=0x3900D4,name=PContent::Msg_ScriptErrorWithStack) Channel closing: too late to send/recv, messages will be lost

1632032807851	Marionette	INFO	Listening on port 53615
1632032808111	RemoteAgent	WARN	TLS certificate errors will be ignored for this session
console.log: WebExtensions: reset-default-search: starting.
console.log: WebExtensions: reset-default-search: No addons in our list are installed.
JavaScript error: , line 0: NS_ERROR_NOT_AVAILABLE
JavaScript error: resource://activity-stream/lib/PersonalityProvider/PersonalityProvider.jsm, line 73: TypeError: http://%(server)s/dummy/blocklist// is not a valid URL.
JavaScript error: resource://activity-stream/lib/PersonalityProvider/PersonalityProvider.jsm, line 73: TypeError: http://%(server)s/dummy/blocklist// is not a valid URL.
\Temp\\rust_mozprofileiLUK8i\\search.json.mozlz4", (void 0)))
1632033007152	Marionette	INFO	Listening on port 61768
1632033007400	RemoteAgent	WARN	TLS certificate errors will be ignored for this session
console.log: WebExtensions: reset-default-search: starting.
console.log: WebExtensions: reset-default-search: No addons in our list are installed.
JavaScript error: , line 0: NS_ERROR_NOT_AVAILABLE
JavaScript error: resource://activity-stream/lib/PersonalityProvider/PersonalityProvider.jsm, line 73: TypeError: http://%(server)s/dummy/blocklist// is not a valid URL.
JavaScript error: resource://activity-stream/lib/PersonalityProvider/PersonalityProvider.jsm, line 73: TypeError: http://%(server)s/dummy/blocklist// is not a valid URL.
: Can't find profile directory.
console.warn: SearchSettings: "get: No settings file exists, new profile?" (new NotFoundError("Could not open the file at C:\\Users\\Programador Heitor\\AppData\\Local\\Temp\\rust_mozprofile2XJ0nZ\\search.json.mozlz4", (void 0)))
1632033782573	Marionette	INFO	Listening on port 58666
1632033782716	RemoteAgent	WARN	TLS certificate errors will be ignored for this session
1632033808573	Marionette	WARN	Ignoring event 'DOMContentLoaded' because document has an invalid readyState of 'complete'.
[Child 6332, MediaDecoderStateMachine #1] WARNING: 20aab8f52e0 Could not set cubeb stream name.: file /builds/worker/checkouts/gecko/dom/media/AudioStream.cpp:367
[Child 6332, MediaDecoderStateMachine #1] WARNING: 20abafdd120 Could not set cubeb stream name.: file /builds/worker/checkouts/gecko/dom/media/AudioStream.cpp:367
[Child 6332, MediaDecoderStateMachine #1] WARNING: 20ab8dc9660 Could not set cubeb stream name.: file /builds/worker/checkouts/gecko/dom/media/AudioStream.cpp:367
console.log: WebExtensions: reset-default-search: starting.
console.log: WebExtensions: reset-default-search: No addons in our list are installed.
JavaScript error: resource://activity-stream/lib/PersonalityProvider/PersonalityProvider.jsm, line 73: TypeError: http://%(server)s/dummy/blocklist// is not a valid URL.
GRA~1\\AppData\\Local\\Temp\\rust_mozprofileAagj79"
1632034398612	Marionette	INFO	Marionette enabled
JavaScript error: resource://gre/modules/XULStore.jsm, line 66: Error: Can't find profile directory.
console.warn: SearchSettings: "get: No settings file exists, new profile?" (new NotFoundError("Could not open the file at C:\\Users\\Programador Heitor\\AppData\\Local\\Temp\\rust_mozprofileAagj79\\search.json.mozlz4", (void 0)))
1632034404431	Marionette	INFO	Listening on port 51217
1632034404504	RemoteAgent	WARN	TLS certificate errors will be ignored for this session
console.log: WebExtensions: reset-default-search: starting.
console.log: WebExtensions: reset-default-search: No addons in our list are installed.
JavaScript error: resource://activity-stream/lib/PersonalityProvider/PersonalityProvider.jsm, line 73: TypeError: http://%(server)s/dummy/blocklist// is not a valid URL.
re.jsm, line 66: Error: Can't find profile directory.
console.warn: SearchSettings: "get: No settings file exists, new profile?" (new NotFoundError("Could not open the file at C:\\Users\\Programador Heitor\\AppData\\Local\\Temp\\rust_mozprofiletA3NIg\\search.json.mozlz4", (void 0)))
1632034650909	Marionette	INFO	Listening on port 59711
1632034651211	RemoteAgent	WARN	TLS certificate errors will be ignored for this session
1632034681582	Marionette	WARN	Ignoring event 'DOMContentLoaded' because document has an invalid readyState of 'complete'.
[Child 13272, MediaDecoderStateMachine #1] WARNING: 23471fe8f20 Could not set cubeb stream name.: file /builds/worker/checkouts/gecko/dom/media/AudioStream.cpp:367
[Child 13272, MediaDecoderStateMachine #1] WARNING: 23471fe8c80 Could not set cubeb stream name.: file /builds/worker/checkouts/gecko/dom/media/AudioStream.cpp:367
JavaScript error: https://www.instagram.com/static/bundles/es6/Consumer.js/0facf8054285.js, line 44: OZ_SOURCE_BUFFER: An attempt was made to use an object that is not, or is no longer, usable
JavaScript error: https://www.instagram.com/static/bundles/es6/oz-player.main.js/e84a4dc190fc.js, line 33: InvalidStateError: An attempt was made to use an object that is not, or is no longer, usable
SourceActor threw an exception: [Exception... "Component returned failure code: 0x80470002 (NS_BASE_STREAM_CLOSED) [nsIInputStream.available]"  nsresult: "0x80470002 (NS_BASE_STREAM_CLOSED)"  location: "JS frame :: resource://devtools/shared/DevToolsUtils.js :: onResponse :: line 567"  data: no]
Stack: onResponse@resource://devtools/shared/DevToolsUtils.js:567:34
onStopRequest@resource://gre/modules/NetUtil.jsm:128:18
Line: 567, column: 0
console.error: ({})
JavaScript error: resource://devtools/shared/DevToolsUtils.js, line 567: NS_BASE_STREAM_CLOSED: Component returned failure code: 0x80470002 (NS_BASE_STREAM_CLOSED) [nsIInputStream.available]
console.log: WebExtensions: reset-default-search: starting.
console.log: WebExtensions: reset-default-search: No addons in our list are installed.
JavaScript error: resource://activity-stream/lib/PersonalityProvider/PersonalityProvider.jsm, line 73: TypeError: http://%(server)s/dummy/blocklist// is not a valid URL.
1632035644921	mozrunner::runner	INFO	Running command: "C:\\Program Files\\Mozilla Firefox\\firefox.exe" "-marionette" "-foreground" "-no-remote" "-profile" "C:\\Users\\PROGRA~1\\AppData\\Local\\Temp\\rust_mozprofileuSguDh"
1632035646021	Marionette	INFO	Marionette enabled
JavaScript error: resource://gre/modules/XULStore.jsm, line 66: Error: Can't find profile directory.
console.warn: SearchSettings: "get: No settings file exists, new profile?" (new NotFoundError("Could not open the file at C:\\Users\\Programador Heitor\\AppData\\Local\\Temp\\rust_mozprofileuSguDh\\search.json.mozlz4", (void 0)))
1632035651319	Marionette	INFO	Listening on port 52737
1632035651429	RemoteAgent	WARN	TLS certificate errors will be ignored for this session
1632035679304	Marionette	WARN	Ignoring event 'DOMContentLoaded' because document has an invalid readyState of 'complete'.
Handler function threw an exception: [Exception... "Component returned failure code: 0x80040111 (NS_ERROR_NOT_AVAILABLE) [nsIHttpChannelInternal.remoteAddress]"  nsresult: "0x80040111 (NS_ERROR_NOT_AVAILABLE)"  location: "JS frame :: resource://devtools/server/actors/network-monitor/network-observer.js :: _onResponseHeader :: line 1052"  data: no]
Stack: _onResponseHeader@resource://devtools/server/actors/network-monitor/network-observer.js:1052:5
_dispatchActivity@resource://devtools/server/actors/network-monitor/network-observer.js:625:14
NetworkObserver.prototype.observeActivity<@resource://devtools/server/actors/network-monitor/network-observer.js:734:12
exports.makeInfallible/<@resource://devtools/shared/ThreadSafeDevToolsUtils.js:103:22
Line: 1052, column: 0
console.error: ({})
Handler function threw an exception: TypeError: undefined has no properties
Stack: _getWaitTiming@resource://devtools/server/actors/network-monitor/network-observer.js:1151:1
_setupHarTimings@resource://devtools/server/actors/network-monitor/network-observer.js:1376:28
_onTransactionClose@resource://devtools/server/actors/network-monitor/network-observer.js:1099:27
_dispatchActivity@resource://devtools/server/actors/network-monitor/network-observer.js:628:14
NetworkObserver.prototype.observeActivity<@resource://devtools/server/actors/network-monitor/network-observer.js:734:12
exports.makeInfallible/<@resource://devtools/shared/ThreadSafeDevToolsUtils.js:103:22
Line: 1151, column: 1
console.error: (new TypeError("undefined has no properties", "resource://devtools/server/actors/network-monitor/network-observer.js", 1151))
console.error: "Error while calling actor 'customhighlighter's method 'show'" ({})
console.error: ({})
JavaScript error: resource://devtools/shared/protocol/Front.js, line 362: Error: NS_ERROR_NOT_AVAILABLE from: server0.conn0.child4/customhighlighter62 (resource://devtools/server/actors/highlighters/utils/markup.js:396:0)
JavaScript error: resource://devtools/server/actors/highlighters/utils/markup.js, line 396: NS_ERROR_NOT_AVAILABLE: 
console.error: (new TypeError("currentNode is null", "resource://devtools/client/inspector/shared/style-change-tracker.js", 66))
TypeError: currentNode is null: canMutationImpactCurrentStyles@resource://devtools/client/inspector/shared/style-change-tracker.js:66:20
onMutations@resource://devtools/client/inspector/shared/style-change-tracker.js:84:41
_emit@resource://devtools/shared/event-emitter.js:244:34
emit@resource://devtools/shared/event-emitter.js:190:18
emit@resource://devtools/shared/event-emitter.js:342:18
getMutations@resource://devtools/client/fronts/walker.js:311:10

console.error: (new TypeError("currentNode is null", "resource://devtools/client/inspector/shared/style-change-tracker.js", 66))
TypeError: currentNode is null: canMutationImpactCurrentStyles@resource://devtools/client/inspector/shared/style-change-tracker.js:66:20
onMutations@resource://devtools/client/inspector/shared/style-change-tracker.js:84:41
_emit@resource://devtools/shared/event-emitter.js:244:34
emit@resource://devtools/shared/event-emitter.js:190:18
emit@resource://devtools/shared/event-emitter.js:342:18
getMutations@resource://devtools/client/fronts/walker.js:311:10

console.warn: "Async method failed in safeAsyncMethod" (new Error("Connection closed, pending request to server0.conn0.child4/domwalker23, type cancelPick failed\n\nRequest stack:\nrequest@resource://devtools/shared/protocol/Front.js:289:14\ngenerateRequestMethods/</frontProto[name]@resource://devtools/shared/protocol/Front/FrontClassWithSpec.js:46:19\ncancelPick@resource://devtools/client/fronts/walker.js:506:18\nexports.safeAsyncMethod/<@resource://devtools/shared/async-utils.js:55:25\n_onInspectorFrontDestroyed@resource://devtools/client/inspector/node-picker.js:113:18\nstop@resource://devtools/client/inspector/node-picker.js:176:18\n_destroyToolbox@resource://devtools/client/framework/toolbox.js:3761:24\ndestroy@resource://devtools/client/framework/toolbox.js:3699:10\ncloseToolbox@resource://devtools/client/framework/toolbox.js:3675:16\nonClick@resource://devtools/client/framework/components/ToolboxToolbar.js:456:26\ninvokeGuardedCallbackImpl@resource://devtools/client/shared/vendor/react-dom.js:74:10\ninvokeGuardedCallback@resource://devtools/client/shared/vendor/react-dom.js:111:29\ninvokeGuardedCallbackAndCatchFirstError@resource://devtools/client/shared/vendor/react-dom.js:125:25\nexecuteDispatch@resource://devtools/client/shared/vendor/react-dom.js:346:42\nexecuteDispatchesInOrder@resource://devtools/client/shared/vendor/react-dom.js:365:20\nexecuteDispatchesAndRelease@resource://devtools/client/shared/vendor/react-dom.js:462:29\nexecuteDispatchesAndReleaseTopLevel@resource://devtools/client/shared/vendor/react-dom.js:470:10\nforEachAccumulated@resource://devtools/client/shared/vendor/react-dom.js:444:8\nrunEventsInBatch@resource://devtools/client/shared/vendor/react-dom.js:598:21\nrunExtractedEventsInBatch@resource://devtools/client/shared/vendor/react-dom.js:606:19\nhandleTopLevel@resource://devtools/client/shared/vendor/react-dom.js:4272:30\nbatchedUpdates$1@resource://devtools/client/shared/vendor/react-dom.js:15752:12\nbatchedUpdates@resource://devtools/client/shared/vendor/react-dom.js:1882:12\ndispatchEvent@resource://devtools/client/shared/vendor/react-dom.js:4351:19\ninteractiveUpdates$1/<@resource://devtools/client/shared/vendor/react-dom.js:15803:14\nunstable_runWithPriority@resource://devtools/client/shared/vendor/react.js:617:12\ninteractiveUpdates$1@resource://devtools/client/shared/vendor/react-dom.js:15802:12\ninteractiveUpdates@resource://devtools/client/shared/vendor/react-dom.js:1901:10\ndispatchInteractiveEvent@resource://devtools/client/shared/vendor/react-dom.js:4328:21\n", "resource://devtools/shared/protocol/Front.js", 103))
console.error: "Error while calling actor 'watcher's method 'watchResources'" "An attempt was made to use an object that is not, or is no longer, usable"
console.error: (new InvalidStateError("An attempt was made to use an object that is not, or is no longer, usable", (void 0), 101))
JavaScript error: , line 0: NotFoundError: No such JSWindowActor 'DevToolsFrame'
JavaScript error: resource://devtools/client/inspector/inspector.js, line 1334: TypeError: this.panelDoc is null
console.error: "Error while calling actor 'pagestyle's method 'getApplied'" "this.pageStyle is null"
console.error: (new TypeError("this.pageStyle is null", "resource://devtools/server/actors/style-rule.js", 584))
console.error: "Error while calling actor 'pagestyle's method 'getApplied'" "this.pageStyle is null"
console.error: (new TypeError("this.pageStyle is null", "resource://devtools/server/actors/style-rule.js", 584))
[Child 10956, MediaDecoderStateMachine #1] WARNING: 1d926059040 Could not set cubeb stream name.: file /builds/worker/checkouts/gecko/dom/media/AudioStream.cpp:367
[Child 10956, MediaDecoderStateMachine #1] WARNING: 1d9260a3d60 Could not set cubeb stream name.: file /builds/worker/checkouts/gecko/dom/media/AudioStream.cpp:367
1632035937241	Marionette	INFO	Stopped listening on port 52737
JavaScript error: resource:///modules/Interactions.jsm, line 230: NS_ERROR_FAILURE: Component returned failure code: 0x80004005 (NS_ERROR_FAILURE) [nsIUserIdleService.removeIdleObserver]

###!!! [Child][MessageChannel] Error: (msgtype=0x590004,name=PHttpChannel::Msg_Cancel) Channel closing: too late to send/recv, messages will be lost


###!!! [Child][MessageChannel] Error: (msgtype=0x590008,name=PHttpChannel::Msg_DeletingChannel) Channel closing: too late to send/recv, messages will be lost

1632139514214	mozrunner::runner	INFO	Running command: "C:\\Program Files\\Mozilla Firefox\\firefox.exe" "-marionette" "-foreground" "-no-remote" "-profile" "C:\\Users\\PROGRA~1\\AppData\\Local\\Temp\\rust_mozprofile4IynHi"
1632139516945	Marionette	INFO	Marionette enabled
JavaScript error: resource://gre/modules/XULStore.jsm, line 66: Error: Can't find profile directory.
console.warn: SearchSettings: "get: No settings file exists, new profile?" (new NotFoundError("Could not open the file at C:\\Users\\Programador Heitor\\AppData\\Local\\Temp\\rust_mozprofile4IynHi\\search.json.mozlz4", (void 0)))
1632139523664	Marionette	INFO	Listening on port 52791
1632139523862	RemoteAgent	WARN	TLS certificate errors will be ignored for this session
1632139548241	Marionette	WARN	Ignoring event 'DOMContentLoaded' because document has an invalid readyState of 'complete'.
JavaScript warning: , line 0: Script terminated by timeout at:

1632139709044	Marionette	INFO	Stopped listening on port 52791
JavaScript error: resource:///modules/Interactions.jsm, line 230: NS_ERROR_FAILURE: Component returned failure code: 0x80004005 (NS_ERROR_FAILURE) [nsIUserIdleService.removeIdleObserver]
